Microsoft (R) Macro Assembler Version 14.00.24234.1	    03/03/21 19:30:01
data.asm						     Page 1 - 1


				.586
				.MODEL FLAT

				.STACK 4096

 00000000			.DATA
 00000000 B7			byte1	BYTE	10110111b
 00000001 B7			byte2	BYTE	0B7h
 00000002 FD			byte3	BYTE	253

 00000000			.CODE
 00000000			main5	PROC
 00000000  83 C0 D3				add eax, -45

 00000003  B8 00000000				mov eax, 0
 00000008  C3					ret
 00000009			main5	ENDP

				END
Microsoft (R) Macro Assembler Version 14.00.24234.1	    03/03/21 19:30:01
data.asm						     Symbols 2 - 1




Segments and Groups:

                N a m e                 Size     Length   Align   Combine Class

FLAT . . . . . . . . . . . . . .	GROUP
STACK  . . . . . . . . . . . . .	32 Bit	 00001000 Para	  Stack	  'STACK'	 
_DATA  . . . . . . . . . . . . .	32 Bit	 00000003 Para	  Public  'DATA'	
_TEXT  . . . . . . . . . . . . .	32 Bit	 00000009 Para	  Public  'CODE'	


Procedures, parameters, and locals:

                N a m e                 Type     Value    Attr

main5  . . . . . . . . . . . . .	P Near	 00000000 _TEXT	Length= 00000009 Public


Symbols:

                N a m e                 Type     Value    Attr

@CodeSize  . . . . . . . . . . .	Number	 00000000h   
@DataSize  . . . . . . . . . . .	Number	 00000000h   
@Interface . . . . . . . . . . .	Number	 00000000h   
@Model . . . . . . . . . . . . .	Number	 00000007h   
@code  . . . . . . . . . . . . .	Text   	 _TEXT
@data  . . . . . . . . . . . . .	Text   	 FLAT
@fardata?  . . . . . . . . . . .	Text   	 FLAT
@fardata . . . . . . . . . . . .	Text   	 FLAT
@stack . . . . . . . . . . . . .	Text   	 FLAT
byte1  . . . . . . . . . . . . .	Byte	 00000000 _DATA	
byte2  . . . . . . . . . . . . .	Byte	 00000001 _DATA	
byte3  . . . . . . . . . . . . .	Byte	 00000002 _DATA	

	   0 Warnings
	   0 Errors
